# JRE version: OpenJDK Runtime Environment (8.0_112-b02) (build 1.8.0_112-release-408-b2)
# Java VM: OpenJDK 64-Bit Server VM (25.112-b2 mixed mode linux-amd64 compressed oops)
Heap:
 par new generation   total 153344K, used 132011K [0x00000000d1200000, 0x00000000db860000, 0x00000000db860000)
  eden space 136320K,  93% used [0x00000000d1200000, 0x00000000d8eb47d0, 0x00000000d9720000)
  from space 17024K,  25% used [0x00000000d9720000, 0x00000000d9b56440, 0x00000000da7c0000)
  to   space 17024K,   0% used [0x00000000da7c0000, 0x00000000da7c0000, 0x00000000db860000)
 concurrent mark-sweep generation total 589308K, used 208374K [0x00000000db860000, 0x00000000ff7df000, 0x0000000100000000)
 Metaspace       used 261681K, capacity 276472K, committed 276984K, reserved 1286144K
  class space    used 36843K, capacity 40515K, committed 40608K, reserved 1048576K
GC Heap History (10 events):
Event: 17652.527 GC heap before
{Heap before GC invocations=2270 (full 37):
 par new generation   total 153344K, used 137880K [0x00000000d1200000, 0x00000000db860000, 0x00000000db860000)
  eden space 136320K, 100% used [0x00000000d1200000, 0x00000000d9720000, 0x00000000d9720000)
  from space 17024K,   9% used [0x00000000da7c0000, 0x00000000da946198, 0x00000000db860000)
  to   space 17024K,   0% used [0x00000000d9720000, 0x00000000d9720000, 0x00000000da7c0000)
 concurrent mark-sweep generation total 589308K, used 359491K [0x00000000db860000, 0x00000000ff7df000, 0x0000000100000000)
 Metaspace       used 261729K, capacity 276594K, committed 276728K, reserved 1286144K
  class space    used 36859K, capacity 40518K, committed 40608K, reserved 1048576K
Event: 17652.598 GC heap after
Heap after GC invocations=2271 (full 37):
 par new generation   total 153344K, used 965K [0x00000000d1200000, 0x00000000db860000, 0x00000000db860000)
  eden space 136320K,   0% used [0x00000000d1200000, 0x00000000d1200000, 0x00000000d9720000)
  from space 17024K,   5% used [0x00000000d9720000, 0x00000000d9811438, 0x00000000da7c0000)
  to   space 17024K,   0% used [0x00000000da7c0000, 0x00000000da7c0000, 0x00000000db860000)
 concurrent mark-sweep generation total 589308K, used 359491K [0x00000000db860000, 0x00000000ff7df000, 0x0000000100000000)
 Metaspace       used 261729K, capacity 276594K, committed 276728K, reserved 1286144K
  class space    used 36859K, capacity 40518K, committed 40608K, reserved 1048576K
}
Event: 17659.237 GC heap before
{Heap before GC invocations=2271 (full 37):
 par new generation   total 153344K, used 137285K [0x00000000d1200000, 0x00000000db860000, 0x00000000db860000)
  eden space 136320K, 100% used [0x00000000d1200000, 0x00000000d9720000, 0x00000000d9720000)
  from space 17024K,   5% used [0x00000000d9720000, 0x00000000d9811438, 0x00000000da7c0000)
  to   space 17024K,   0% used [0x00000000da7c0000, 0x00000000da7c0000, 0x00000000db860000)
 concurrent mark-sweep generation total 589308K, used 359491K [0x00000000db860000, 0x00000000ff7df000, 0x0000000100000000)
 Metaspace       used 261759K, capacity 276664K, committed 276984K, reserved 1286144K
  class space    used 36860K, capacity 40519K, committed 40608K, reserved 1048576K
Event: 17660.941 GC heap after
Heap after GC invocations=2272 (full 37):
 par new generation   total 153344K, used 17024K [0x00000000d1200000, 0x00000000db860000, 0x00000000db860000)
  eden space 136320K,   0% used [0x00000000d1200000, 0x00000000d1200000, 0x00000000d9720000)
  from space 17024K, 100% used [0x00000000da7c0000, 0x00000000db860000, 0x00000000db860000)
  to   space 17024K,   0% used [0x00000000d9720000, 0x00000000d9720000, 0x00000000da7c0000)
 concurrent mark-sweep generation total 589308K, used 395588K [0x00000000db860000, 0x00000000ff7df000, 0x0000000100000000)
 Metaspace       used 261759K, capacity 276664K, committed 276984K, reserved 1286144K
  class space    used 36860K, capacity 40519K, committed 40608K, reserved 1048576K
}
Event: 17663.266 GC heap before
{Heap before GC invocations=2272 (full 37):
 par new generation   total 153344K, used 153344K [0x00000000d1200000, 0x00000000db860000, 0x00000000db860000)
  eden space 136320K, 100% used [0x00000000d1200000, 0x00000000d9720000, 0x00000000d9720000)
  from space 17024K, 100% used [0x00000000da7c0000, 0x00000000db860000, 0x00000000db860000)
  to   space 17024K,   0% used [0x00000000d9720000, 0x00000000d9720000, 0x00000000da7c0000)
 concurrent mark-sweep generation total 589308K, used 395588K [0x00000000db860000, 0x00000000ff7df000, 0x0000000100000000)
 Metaspace       used 261763K, capacity 276664K, committed 276984K, reserved 1286144K
  class space    used 36860K, capacity 40519K, committed 40608K, reserved 1048576K
Event: 17665.448 GC heap after
Heap after GC invocations=2273 (full 37):
 par new generation   total 153344K, used 17024K [0x00000000d1200000, 0x00000000db860000, 0x00000000db860000)
  eden space 136320K,   0% used [0x00000000d1200000, 0x00000000d1200000, 0x00000000d9720000)
  from space 17024K, 100% used [0x00000000d9720000, 0x00000000da7c0000, 0x00000000da7c0000)
  to   space 17024K,   0% used [0x00000000da7c0000, 0x00000000da7c0000, 0x00000000db860000)
 concurrent mark-sweep generation total 589308K, used 439600K [0x00000000db860000, 0x00000000ff7df000, 0x0000000100000000)
 Metaspace       used 261763K, capacity 276664K, committed 276984K, reserved 1286144K
  class space    used 36860K, capacity 40519K, committed 40608K, reserved 1048576K
}
Event: 17696.498 GC heap before
{Heap before GC invocations=2273 (full 38):
 par new generation   total 153344K, used 153344K [0x00000000d1200000, 0x00000000db860000, 0x00000000db860000)
  eden space 136320K, 100% used [0x00000000d1200000, 0x00000000d9720000, 0x00000000d9720000)
  from space 17024K, 100% used [0x00000000d9720000, 0x00000000da7c0000, 0x00000000da7c0000)
  to   space 17024K,   0% used [0x00000000da7c0000, 0x00000000da7c0000, 0x00000000db860000)
 concurrent mark-sweep generation total 589308K, used 339070K [0x00000000db860000, 0x00000000ff7df000, 0x0000000100000000)
 Metaspace       used 261797K, capacity 276682K, committed 276984K, reserved 1286144K
  class space    used 36861K, capacity 40522K, committed 40608K, reserved 1048576K
Event: 17696.738 GC heap after
Heap after GC invocations=2274 (full 38):
 par new generation   total 153344K, used 16047K [0x00000000d1200000, 0x00000000db860000, 0x00000000db860000)
  eden space 136320K,   0% used [0x00000000d1200000, 0x00000000d1200000, 0x00000000d9720000)
  from space 17024K,  94% used [0x00000000da7c0000, 0x00000000db76bd78, 0x00000000db860000)
  to   space 17024K,   0% used [0x00000000d9720000, 0x00000000d9720000, 0x00000000da7c0000)
 concurrent mark-sweep generation total 589308K, used 356077K [0x00000000db860000, 0x00000000ff7df000, 0x0000000100000000)
 Metaspace       used 261797K, capacity 276682K, committed 276984K, reserved 1286144K
  class space    used 36861K, capacity 40522K, committed 40608K, reserved 1048576K
}
Event: 17904.300 GC heap before
{Heap before GC invocations=2274 (full 38):
 par new generation   total 153344K, used 152367K [0x00000000d1200000, 0x00000000db860000, 0x00000000db860000)
  eden space 136320K, 100% used [0x00000000d1200000, 0x00000000d9720000, 0x00000000d9720000)
  from space 17024K,  94% used [0x00000000da7c0000, 0x00000000db76bd78, 0x00000000db860000)
  to   space 17024K,   0% used [0x00000000d9720000, 0x00000000d9720000, 0x00000000da7c0000)
 concurrent mark-sweep generation total 589308K, used 208374K [0x00000000db860000, 0x00000000ff7df000, 0x0000000100000000)
 Metaspace       used 261655K, capacity 276430K, committed 276984K, reserved 1286144K
  class space    used 36839K, capacity 40480K, committed 40608K, reserved 1048576K
Event: 17904.328 GC heap after
Heap after GC invocations=2275 (full 38):
 par new generation   total 153344K, used 4313K [0x00000000d1200000, 0x00000000db860000, 0x00000000db860000)
  eden space 136320K,   0% used [0x00000000d1200000, 0x00000000d1200000, 0x00000000d9720000)
  from space 17024K,  25% used [0x00000000d9720000, 0x00000000d9b56440, 0x00000000da7c0000)
  to   space 17024K,   0% used [0x00000000da7c0000, 0x00000000da7c0000, 0x00000000db860000)
 concurrent mark-sweep generation total 589308K, used 208374K [0x00000000db860000, 0x00000000ff7df000, 0x0000000100000000)
 Metaspace       used 261655K, capacity 276430K, committed 276984K, reserved 1286144K
  class space    used 36839K, capacity 40480K, committed 40608K, reserved 1048576K
}

